<template>
  <Arc
    wid="circle"
    :radius="30"
  />
</template>

<script setup lang="ts">
  import { usePlayer, useWidget } from '@vue-motion/core';
  import { Arc, grow } from '@vue-motion/lib';
  import { onMounted } from 'vue';
  //  Get the widget instance from the `useWidget` hook by the `wid`.
  const circle = useWidget('circle');
  //  use the hook to get the player instance.
  const player = usePlayer();
  onMounted(() => {
    // Add `grow` animation to the widget.
    player.useAnimation(circle).delay(1).animate(grow, {
      duration: 3, // duration 3 second
    });
    // begin the animation
    player.play();
  });
</script>
