<script setup>
import { usePlayer, useWidget } from 'https://cdn.jsdelivr.net/npm/@vue-motion/core@latest/dist/index.js'
import { Motion, Rect, moveTo } from 'https://cdn.jsdelivr.net/npm/@vue-motion/lib@0.6.0/dist/index.js'
import { onMounted } from 'https://cdn.jsdelivr.net/npm/vue@3.5.12/dist/vue.esm-browser.js'

const { play, useAnimation } = usePlayer()
const rect = useWidget('rect')

onMounted(() => {
  useAnimation(rect)
    .animate(moveTo, {
      fromX: 100,
      fromY: 100,
      toX: 200,
      toY: 200,
    })
  play()
})
</script>

<template>
  <Motion :width="1600" :height="900">
    <Rect :width="200" :height="200" wid="rect"/>
  </Motion>
</template>
