<script setup>
import { usePlayer, useWidget } from 'https://cdn.jsdelivr.net/npm/@vue-motion/core@latest/dist/index.js'
import { Motion, Rect, move } from 'https://cdn.jsdelivr.net/npm/@vue-motion/lib@0.6.0/dist/index.js'
import { onMounted } from 'https://cdn.jsdelivr.net/npm/vue@3.5.12/dist/vue.esm-browser.js'

const { play, useAnimation } = usePlayer()
const rect = useWidget('rect')

onMounted(() => {
  // Scale to 4x in 1 second.
  useAnimation(rect)
    .animate(scale, {
      duration: 1, // Use 1 second.
      offsetX: 4,
      offsetY: 4,
    })
  play()
})
</script>

<template>
  <Motion :width="1600" :height="900">
    <Rect :width="200" :height="200" wid="rect"/>
  </Motion>
</template>
